2020-01-25 21:37:52.311 [FATA] fatal 
Stack:
1.  main.main
    /Users/nieaowei/Library/Mobile Documents/com~apple~CloudDocs/项目代码/go-study/day11/log/main/main.go:19

2020-01-25 21:38:20.642 [FATA] fatal
2020-01-25 21:40:09.413 [FATA] fatal
fatal
2020-01-25 21:41:36.463 [FATA] nieaowei fatal
2020-01-25 21:41:46.777 [FATA] fatal
2020-01-25 21:42:33.723 [FATA] fatal
2020-01-25 21:42:46.023 [DEBU] debug
2020-01-25 21:42:46.023 [INFO] info
2020-01-25 21:42:46.023 [WARN] waring
2020-01-25 21:42:46.023 [ERRO] error
2020-01-25 21:42:46.023 [FATA] fatal
2020-01-25 21:43:58.339 [WARN] waring
2020-01-25 21:43:58.339 [ERRO] error
2020-01-25 21:43:58.339 [FATA] fatal
2020-01-25 21:44:35.232 [FATA] fatal
2020-01-25 21:44:40.264 [FATA] fatal
2020-01-25 21:44:53.817 [FATA] fatal
2020-01-25 21:45:09.394 [FATA] fatal
2020-01-25 21:45:30.955 [FATA] fatal
